{"/Users/sergo/Library/Projects/frontend-project-lvl2/src/ast.js": {"path":"/Users/sergo/Library/Projects/frontend-project-lvl2/src/ast.js","statementMap":{"0":{"start":{"line":3,"column":19},"end":{"line":9,"column":1}},"1":{"start":{"line":4,"column":20},"end":{"line":4,"column":38}},"2":{"start":{"line":5,"column":21},"end":{"line":5,"column":39}},"3":{"start":{"line":6,"column":20},"end":{"line":6,"column":55}},"4":{"start":{"line":7,"column":21},"end":{"line":7,"column":49}},"5":{"start":{"line":8,"column":2},"end":{"line":8,"column":20}},"6":{"start":{"line":11,"column":19},"end":{"line":19,"column":1}},"7":{"start":{"line":12,"column":2},"end":{"line":14,"column":3}},"8":{"start":{"line":13,"column":4},"end":{"line":13,"column":14}},"9":{"start":{"line":15,"column":2},"end":{"line":17,"column":3}},"10":{"start":{"line":16,"column":4},"end":{"line":16,"column":13}},"11":{"start":{"line":18,"column":2},"end":{"line":18,"column":11}},"12":{"start":{"line":21,"column":15},"end":{"line":66,"column":1}},"13":{"start":{"line":22,"column":15},"end":{"line":22,"column":47}},"14":{"start":{"line":23,"column":14},"end":{"line":63,"column":8}},"15":{"start":{"line":24,"column":21},"end":{"line":24,"column":36}},"16":{"start":{"line":25,"column":21},"end":{"line":25,"column":36}},"17":{"start":{"line":26,"column":16},"end":{"line":26,"column":20}},"18":{"start":{"line":28,"column":4},"end":{"line":61,"column":5}},"19":{"start":{"line":29,"column":6},"end":{"line":48,"column":7}},"20":{"start":{"line":30,"column":8},"end":{"line":34,"column":11}},"21":{"start":{"line":35,"column":13},"end":{"line":48,"column":7}},"22":{"start":{"line":36,"column":8},"end":{"line":40,"column":11}},"23":{"start":{"line":41,"column":13},"end":{"line":48,"column":7}},"24":{"start":{"line":42,"column":8},"end":{"line":47,"column":11}},"25":{"start":{"line":49,"column":11},"end":{"line":61,"column":5}},"26":{"start":{"line":50,"column":6},"end":{"line":54,"column":9}},"27":{"start":{"line":55,"column":11},"end":{"line":61,"column":5}},"28":{"start":{"line":56,"column":6},"end":{"line":60,"column":9}},"29":{"start":{"line":62,"column":4},"end":{"line":62,"column":15}},"30":{"start":{"line":65,"column":2},"end":{"line":65,"column":30}}},"fnMap":{"0":{"name":"(anonymous_0)","decl":{"start":{"line":3,"column":19},"end":{"line":3,"column":20}},"loc":{"start":{"line":3,"column":37},"end":{"line":9,"column":1}},"line":3},"1":{"name":"(anonymous_1)","decl":{"start":{"line":11,"column":19},"end":{"line":11,"column":20}},"loc":{"start":{"line":11,"column":29},"end":{"line":19,"column":1}},"line":11},"2":{"name":"(anonymous_2)","decl":{"start":{"line":21,"column":15},"end":{"line":21,"column":16}},"loc":{"start":{"line":21,"column":41},"end":{"line":66,"column":1}},"line":21},"3":{"name":"(anonymous_3)","decl":{"start":{"line":23,"column":26},"end":{"line":23,"column":27}},"loc":{"start":{"line":23,"column":41},"end":{"line":63,"column":3}},"line":23}},"branchMap":{"0":{"loc":{"start":{"line":12,"column":2},"end":{"line":14,"column":3}},"type":"if","locations":[{"start":{"line":12,"column":2},"end":{"line":14,"column":3}},{"start":{"line":12,"column":2},"end":{"line":14,"column":3}}],"line":12},"1":{"loc":{"start":{"line":15,"column":2},"end":{"line":17,"column":3}},"type":"if","locations":[{"start":{"line":15,"column":2},"end":{"line":17,"column":3}},{"start":{"line":15,"column":2},"end":{"line":17,"column":3}}],"line":15},"2":{"loc":{"start":{"line":28,"column":4},"end":{"line":61,"column":5}},"type":"if","locations":[{"start":{"line":28,"column":4},"end":{"line":61,"column":5}},{"start":{"line":28,"column":4},"end":{"line":61,"column":5}}],"line":28},"3":{"loc":{"start":{"line":28,"column":8},"end":{"line":28,"column":64}},"type":"binary-expr","locations":[{"start":{"line":28,"column":8},"end":{"line":28,"column":34}},{"start":{"line":28,"column":38},"end":{"line":28,"column":64}}],"line":28},"4":{"loc":{"start":{"line":29,"column":6},"end":{"line":48,"column":7}},"type":"if","locations":[{"start":{"line":29,"column":6},"end":{"line":48,"column":7}},{"start":{"line":29,"column":6},"end":{"line":48,"column":7}}],"line":29},"5":{"loc":{"start":{"line":35,"column":13},"end":{"line":48,"column":7}},"type":"if","locations":[{"start":{"line":35,"column":13},"end":{"line":48,"column":7}},{"start":{"line":35,"column":13},"end":{"line":48,"column":7}}],"line":35},"6":{"loc":{"start":{"line":35,"column":17},"end":{"line":35,"column":96}},"type":"binary-expr","locations":[{"start":{"line":35,"column":17},"end":{"line":35,"column":38}},{"start":{"line":35,"column":42},"end":{"line":35,"column":67}},{"start":{"line":35,"column":71},"end":{"line":35,"column":96}}],"line":35},"7":{"loc":{"start":{"line":41,"column":13},"end":{"line":48,"column":7}},"type":"if","locations":[{"start":{"line":41,"column":13},"end":{"line":48,"column":7}},{"start":{"line":41,"column":13},"end":{"line":48,"column":7}}],"line":41},"8":{"loc":{"start":{"line":49,"column":11},"end":{"line":61,"column":5}},"type":"if","locations":[{"start":{"line":49,"column":11},"end":{"line":61,"column":5}},{"start":{"line":49,"column":11},"end":{"line":61,"column":5}}],"line":49},"9":{"loc":{"start":{"line":49,"column":15},"end":{"line":49,"column":72}},"type":"binary-expr","locations":[{"start":{"line":49,"column":15},"end":{"line":49,"column":41}},{"start":{"line":49,"column":45},"end":{"line":49,"column":72}}],"line":49},"10":{"loc":{"start":{"line":55,"column":11},"end":{"line":61,"column":5}},"type":"if","locations":[{"start":{"line":55,"column":11},"end":{"line":61,"column":5}},{"start":{"line":55,"column":11},"end":{"line":61,"column":5}}],"line":55},"11":{"loc":{"start":{"line":55,"column":15},"end":{"line":55,"column":72}},"type":"binary-expr","locations":[{"start":{"line":55,"column":15},"end":{"line":55,"column":41}},{"start":{"line":55,"column":45},"end":{"line":55,"column":72}}],"line":55}},"s":{"0":1,"1":0,"2":0,"3":0,"4":0,"5":0,"6":1,"7":0,"8":0,"9":0,"10":0,"11":0,"12":1,"13":0,"14":0,"15":0,"16":0,"17":0,"18":0,"19":0,"20":0,"21":0,"22":0,"23":0,"24":0,"25":0,"26":0,"27":0,"28":0,"29":0,"30":0},"f":{"0":0,"1":0,"2":0,"3":0},"b":{"0":[0,0],"1":[0,0],"2":[0,0],"3":[0,0],"4":[0,0],"5":[0,0],"6":[0,0,0],"7":[0,0],"8":[0,0],"9":[0,0],"10":[0,0],"11":[0,0]},"_coverageSchema":"1a1c01bbd47fc00a2c39e90264f33305004495a9","hash":"c10f0f6ff5e7f35d227cac0ce95f6c3c2c98d222"}
,"/Users/sergo/Library/Projects/frontend-project-lvl2/src/index.js": {"path":"/Users/sergo/Library/Projects/frontend-project-lvl2/src/index.js","statementMap":{"0":{"start":{"line":5,"column":16},"end":{"line":12,"column":1}},"1":{"start":{"line":6,"column":24},"end":{"line":6,"column":42}},"2":{"start":{"line":7,"column":25},"end":{"line":7,"column":43}},"3":{"start":{"line":8,"column":14},"end":{"line":8,"column":51}},"4":{"start":{"line":9,"column":17},"end":{"line":9,"column":40}},"5":{"start":{"line":10,"column":17},"end":{"line":10,"column":28}},"6":{"start":{"line":11,"column":2},"end":{"line":11,"column":16}}},"fnMap":{"0":{"name":"(anonymous_0)","decl":{"start":{"line":5,"column":16},"end":{"line":5,"column":17}},"loc":{"start":{"line":5,"column":42},"end":{"line":12,"column":1}},"line":5}},"branchMap":{},"s":{"0":1,"1":3,"2":0,"3":0,"4":0,"5":0,"6":0},"f":{"0":3},"b":{},"_coverageSchema":"1a1c01bbd47fc00a2c39e90264f33305004495a9","hash":"eaeb49ced6093c51f05d2bad05d8c8e097766cf4"}
,"/Users/sergo/Library/Projects/frontend-project-lvl2/src/parser.js": {"path":"/Users/sergo/Library/Projects/frontend-project-lvl2/src/parser.js","statementMap":{"0":{"start":{"line":6,"column":18},"end":{"line":9,"column":1}},"1":{"start":{"line":7,"column":21},"end":{"line":7,"column":77}},"2":{"start":{"line":8,"column":2},"end":{"line":8,"column":28}},"3":{"start":{"line":11,"column":20},"end":{"line":17,"column":1}},"4":{"start":{"line":12,"column":21},"end":{"line":12,"column":54}},"5":{"start":{"line":13,"column":17},"end":{"line":13,"column":44}},"6":{"start":{"line":14,"column":17},"end":{"line":14,"column":34}},"7":{"start":{"line":15,"column":19},"end":{"line":15,"column":62}},"8":{"start":{"line":16,"column":2},"end":{"line":16,"column":18}}},"fnMap":{"0":{"name":"(anonymous_0)","decl":{"start":{"line":6,"column":18},"end":{"line":6,"column":19}},"loc":{"start":{"line":6,"column":30},"end":{"line":9,"column":1}},"line":6},"1":{"name":"(anonymous_1)","decl":{"start":{"line":11,"column":20},"end":{"line":11,"column":21}},"loc":{"start":{"line":11,"column":30},"end":{"line":17,"column":1}},"line":11}},"branchMap":{},"s":{"0":1,"1":0,"2":0,"3":1,"4":3,"5":0,"6":0,"7":0,"8":0},"f":{"0":0,"1":3},"b":{},"_coverageSchema":"1a1c01bbd47fc00a2c39e90264f33305004495a9","hash":"d7be4c4233d25cb3925184fb02e2c3f6615875ff"}
,"/Users/sergo/Library/Projects/frontend-project-lvl2/src/formatters/index.js": {"path":"/Users/sergo/Library/Projects/frontend-project-lvl2/src/formatters/index.js","statementMap":{"0":{"start":{"line":5,"column":24},"end":{"line":8,"column":1}},"1":{"start":{"line":6,"column":21},"end":{"line":6,"column":88}},"2":{"start":{"line":7,"column":2},"end":{"line":7,"column":28}}},"fnMap":{"0":{"name":"(anonymous_0)","decl":{"start":{"line":5,"column":24},"end":{"line":5,"column":25}},"loc":{"start":{"line":5,"column":36},"end":{"line":8,"column":1}},"line":5}},"branchMap":{},"s":{"0":1,"1":0,"2":0},"f":{"0":0},"b":{},"_coverageSchema":"1a1c01bbd47fc00a2c39e90264f33305004495a9","hash":"db25470bfc0c1c0dd806d9c273e8cd22d18b4260"}
,"/Users/sergo/Library/Projects/frontend-project-lvl2/src/formatters/json.js": {"path":"/Users/sergo/Library/Projects/frontend-project-lvl2/src/formatters/json.js","statementMap":{"0":{"start":{"line":1,"column":22},"end":{"line":1,"column":71}},"1":{"start":{"line":1,"column":37},"end":{"line":1,"column":71}}},"fnMap":{"0":{"name":"(anonymous_0)","decl":{"start":{"line":1,"column":22},"end":{"line":1,"column":23}},"loc":{"start":{"line":1,"column":37},"end":{"line":1,"column":71}},"line":1}},"branchMap":{},"s":{"0":1,"1":0},"f":{"0":0},"b":{},"_coverageSchema":"1a1c01bbd47fc00a2c39e90264f33305004495a9","hash":"3f13b72fef7e2ae56ccb31b247e15507280c60f3"}
,"/Users/sergo/Library/Projects/frontend-project-lvl2/src/formatters/plain.js": {"path":"/Users/sergo/Library/Projects/frontend-project-lvl2/src/formatters/plain.js","statementMap":{"0":{"start":{"line":3,"column":19},"end":{"line":3,"column":76}},"1":{"start":{"line":3,"column":29},"end":{"line":3,"column":75}},"2":{"start":{"line":4,"column":16},"end":{"line":4,"column":18}},"3":{"start":{"line":6,"column":23},"end":{"line":34,"column":1}},"4":{"start":{"line":7,"column":22},"end":{"line":31,"column":15}},"5":{"start":{"line":14,"column":8},"end":{"line":14,"column":12}},"6":{"start":{"line":15,"column":4},"end":{"line":15,"column":22}},"7":{"start":{"line":16,"column":17},"end":{"line":16,"column":34}},"8":{"start":{"line":18,"column":4},"end":{"line":27,"column":5}},"9":{"start":{"line":19,"column":6},"end":{"line":19,"column":41}},"10":{"start":{"line":20,"column":6},"end":{"line":20,"column":25}},"11":{"start":{"line":21,"column":11},"end":{"line":27,"column":5}},"12":{"start":{"line":22,"column":6},"end":{"line":22,"column":109}},"13":{"start":{"line":23,"column":11},"end":{"line":27,"column":5}},"14":{"start":{"line":24,"column":6},"end":{"line":24,"column":49}},"15":{"start":{"line":25,"column":11},"end":{"line":27,"column":5}},"16":{"start":{"line":26,"column":6},"end":{"line":26,"column":85}},"17":{"start":{"line":29,"column":4},"end":{"line":29,"column":18}},"18":{"start":{"line":30,"column":4},"end":{"line":30,"column":15}},"19":{"start":{"line":33,"column":2},"end":{"line":33,"column":32}}},"fnMap":{"0":{"name":"(anonymous_0)","decl":{"start":{"line":3,"column":19},"end":{"line":3,"column":20}},"loc":{"start":{"line":3,"column":29},"end":{"line":3,"column":75}},"line":3},"1":{"name":"(anonymous_1)","decl":{"start":{"line":6,"column":23},"end":{"line":6,"column":24}},"loc":{"start":{"line":6,"column":38},"end":{"line":34,"column":1}},"line":6},"2":{"name":"(anonymous_2)","decl":{"start":{"line":7,"column":39},"end":{"line":7,"column":40}},"loc":{"start":{"line":7,"column":54},"end":{"line":31,"column":3}},"line":7}},"branchMap":{"0":{"loc":{"start":{"line":3,"column":29},"end":{"line":3,"column":75}},"type":"cond-expr","locations":[{"start":{"line":3,"column":52},"end":{"line":3,"column":69}},{"start":{"line":3,"column":72},"end":{"line":3,"column":75}}],"line":3},"1":{"loc":{"start":{"line":18,"column":4},"end":{"line":27,"column":5}},"type":"if","locations":[{"start":{"line":18,"column":4},"end":{"line":27,"column":5}},{"start":{"line":18,"column":4},"end":{"line":27,"column":5}}],"line":18},"2":{"loc":{"start":{"line":21,"column":11},"end":{"line":27,"column":5}},"type":"if","locations":[{"start":{"line":21,"column":11},"end":{"line":27,"column":5}},{"start":{"line":21,"column":11},"end":{"line":27,"column":5}}],"line":21},"3":{"loc":{"start":{"line":23,"column":11},"end":{"line":27,"column":5}},"type":"if","locations":[{"start":{"line":23,"column":11},"end":{"line":27,"column":5}},{"start":{"line":23,"column":11},"end":{"line":27,"column":5}}],"line":23},"4":{"loc":{"start":{"line":25,"column":11},"end":{"line":27,"column":5}},"type":"if","locations":[{"start":{"line":25,"column":11},"end":{"line":27,"column":5}},{"start":{"line":25,"column":11},"end":{"line":27,"column":5}}],"line":25}},"s":{"0":1,"1":0,"2":1,"3":1,"4":0,"5":0,"6":0,"7":0,"8":0,"9":0,"10":0,"11":0,"12":0,"13":0,"14":0,"15":0,"16":0,"17":0,"18":0,"19":0},"f":{"0":0,"1":0,"2":0},"b":{"0":[0,0],"1":[0,0],"2":[0,0],"3":[0,0],"4":[0,0]},"_coverageSchema":"1a1c01bbd47fc00a2c39e90264f33305004495a9","hash":"244b1268e5411afee2d7581e2c5fbe8819448158"}
,"/Users/sergo/Library/Projects/frontend-project-lvl2/src/formatters/tree.js": {"path":"/Users/sergo/Library/Projects/frontend-project-lvl2/src/formatters/tree.js","statementMap":{"0":{"start":{"line":3,"column":15},"end":{"line":3,"column":56}},"1":{"start":{"line":3,"column":32},"end":{"line":3,"column":56}},"2":{"start":{"line":4,"column":25},"end":{"line":4,"column":86}},"3":{"start":{"line":4,"column":42},"end":{"line":4,"column":86}},"4":{"start":{"line":6,"column":18},"end":{"line":13,"column":1}},"5":{"start":{"line":7,"column":2},"end":{"line":11,"column":3}},"6":{"start":{"line":8,"column":16},"end":{"line":8,"column":42}},"7":{"start":{"line":9,"column":25},"end":{"line":9,"column":28}},"8":{"start":{"line":10,"column":4},"end":{"line":10,"column":86}},"9":{"start":{"line":12,"column":2},"end":{"line":12,"column":13}},"10":{"start":{"line":15,"column":22},"end":{"line":42,"column":1}},"11":{"start":{"line":16,"column":17},"end":{"line":39,"column":8}},"12":{"start":{"line":23,"column":8},"end":{"line":23,"column":12}},"13":{"start":{"line":25,"column":4},"end":{"line":36,"column":5}},"14":{"start":{"line":26,"column":6},"end":{"line":26,"column":80}},"15":{"start":{"line":27,"column":11},"end":{"line":36,"column":5}},"16":{"start":{"line":28,"column":6},"end":{"line":28,"column":76}},"17":{"start":{"line":29,"column":11},"end":{"line":36,"column":5}},"18":{"start":{"line":30,"column":6},"end":{"line":30,"column":76}},"19":{"start":{"line":31,"column":11},"end":{"line":36,"column":5}},"20":{"start":{"line":32,"column":6},"end":{"line":32,"column":76}},"21":{"start":{"line":33,"column":11},"end":{"line":36,"column":5}},"22":{"start":{"line":34,"column":6},"end":{"line":34,"column":76}},"23":{"start":{"line":35,"column":6},"end":{"line":35,"column":76}},"24":{"start":{"line":38,"column":4},"end":{"line":38,"column":15}},"25":{"start":{"line":40,"column":17},"end":{"line":40,"column":78}},"26":{"start":{"line":41,"column":2},"end":{"line":41,"column":16}}},"fnMap":{"0":{"name":"(anonymous_0)","decl":{"start":{"line":3,"column":15},"end":{"line":3,"column":16}},"loc":{"start":{"line":3,"column":32},"end":{"line":3,"column":56}},"line":3},"1":{"name":"(anonymous_1)","decl":{"start":{"line":4,"column":25},"end":{"line":4,"column":26}},"loc":{"start":{"line":4,"column":42},"end":{"line":4,"column":86}},"line":4},"2":{"name":"(anonymous_2)","decl":{"start":{"line":6,"column":18},"end":{"line":6,"column":19}},"loc":{"start":{"line":6,"column":33},"end":{"line":13,"column":1}},"line":6},"3":{"name":"(anonymous_3)","decl":{"start":{"line":15,"column":22},"end":{"line":15,"column":23}},"loc":{"start":{"line":15,"column":47},"end":{"line":42,"column":1}},"line":15},"4":{"name":"(anonymous_4)","decl":{"start":{"line":16,"column":34},"end":{"line":16,"column":35}},"loc":{"start":{"line":16,"column":49},"end":{"line":39,"column":3}},"line":16}},"branchMap":{"0":{"loc":{"start":{"line":7,"column":2},"end":{"line":11,"column":3}},"type":"if","locations":[{"start":{"line":7,"column":2},"end":{"line":11,"column":3}},{"start":{"line":7,"column":2},"end":{"line":11,"column":3}}],"line":7},"1":{"loc":{"start":{"line":15,"column":34},"end":{"line":15,"column":42}},"type":"default-arg","locations":[{"start":{"line":15,"column":41},"end":{"line":15,"column":42}}],"line":15},"2":{"loc":{"start":{"line":25,"column":4},"end":{"line":36,"column":5}},"type":"if","locations":[{"start":{"line":25,"column":4},"end":{"line":36,"column":5}},{"start":{"line":25,"column":4},"end":{"line":36,"column":5}}],"line":25},"3":{"loc":{"start":{"line":27,"column":11},"end":{"line":36,"column":5}},"type":"if","locations":[{"start":{"line":27,"column":11},"end":{"line":36,"column":5}},{"start":{"line":27,"column":11},"end":{"line":36,"column":5}}],"line":27},"4":{"loc":{"start":{"line":29,"column":11},"end":{"line":36,"column":5}},"type":"if","locations":[{"start":{"line":29,"column":11},"end":{"line":36,"column":5}},{"start":{"line":29,"column":11},"end":{"line":36,"column":5}}],"line":29},"5":{"loc":{"start":{"line":31,"column":11},"end":{"line":36,"column":5}},"type":"if","locations":[{"start":{"line":31,"column":11},"end":{"line":36,"column":5}},{"start":{"line":31,"column":11},"end":{"line":36,"column":5}}],"line":31},"6":{"loc":{"start":{"line":33,"column":11},"end":{"line":36,"column":5}},"type":"if","locations":[{"start":{"line":33,"column":11},"end":{"line":36,"column":5}},{"start":{"line":33,"column":11},"end":{"line":36,"column":5}}],"line":33}},"s":{"0":1,"1":0,"2":1,"3":0,"4":1,"5":0,"6":0,"7":0,"8":0,"9":0,"10":1,"11":0,"12":0,"13":0,"14":0,"15":0,"16":0,"17":0,"18":0,"19":0,"20":0,"21":0,"22":0,"23":0,"24":0,"25":0,"26":0},"f":{"0":0,"1":0,"2":0,"3":0,"4":0},"b":{"0":[0,0],"1":[0],"2":[0,0],"3":[0,0],"4":[0,0],"5":[0,0],"6":[0,0]},"_coverageSchema":"1a1c01bbd47fc00a2c39e90264f33305004495a9","hash":"5a2bcbd6a719be774e4387ee17ee5b0c7cb9d5cd"}
}
